build/app/outputs/mapping/release/mapping.txt
# compiler: R8
# compiler_version: 1.5.64
# min_api: 23
# pg_map_id: 334bb9f
...
androidx.fragment.app.FragmentTransitionCompat21$3 -> androidx.fragment.app.p$c:
    java.lang.Object val$sharedElementTransition -> e
    java.lang.Object val$exitTransition -> c
    java.util.ArrayList val$sharedElementsIn -> f
    java.lang.Object val$enterTransition -> a
    java.util.ArrayList val$exitingViews -> d
    java.util.ArrayList val$enteringViews -> b
    androidx.fragment.app.FragmentTransitionCompat21 this$0 -> g
androidx.fragment.app.FragmentTransitionCompat21$4 -> androidx.fragment.app.p$d:
    android.graphics.Rect val$epicenter -> a
androidx.fragment.app.FragmentTransitionImpl -> androidx.fragment.app.q:
    void addTarget(java.lang.Object,android.view.View) -> a
    void addTargets(java.lang.Object,java.util.ArrayList) -> a
    void beginDelayedTransition(android.view.ViewGroup,java.lang.Object) -> a
    void bfsAddViewChildren(java.util.List,android.view.View) -> a
    boolean canHandle(java.lang.Object) -> a
    void captureTransitioningViews(java.util.ArrayList,android.view.View) -> a
    boolean containedBeforeIndex(java.util.List,android.view.View,int) -> a
    java.lang.String findKeyForValue(java.util.Map,java.lang.String) -> a
    void findNamedViews(java.util.Map,android.view.View) -> a
    void getBoundsOnScreen(android.view.View,android.graphics.Rect) -> a
    boolean isNullOrEmpty(java.util.List) -> a
    java.lang.Object mergeTransitionsInSequence(java.lang.Object,java.lang.Object,java.lang.Object) -> a
    java.util.ArrayList prepareSetNameOverridesReordered(java.util.ArrayList) -> a
    void replaceTargets(java.lang.Object,java.util.ArrayList,java.util.ArrayList) -> a
    void scheduleHideFragmentView(java.lang.Object,android.view.View,java.util.ArrayList) -> a
    void scheduleNameReset(android.view.ViewGroup,java.util.ArrayList,java.util.Map) -> a
    void scheduleRemoveTargets(java.lang.Object,java.lang.Object,java.util.ArrayList,java.lang.Object,java.util.ArrayList,java.lang.Object,java.util.ArrayList) -> a
    void setEpicenter(java.lang.Object,android.graphics.Rect) -> a
androidx.fragment.app.FragmentTransitionImpl$1 -> androidx.fragment.app.q$a:
    java.util.ArrayList val$outNames -> e
    java.util.ArrayList val$sharedElementsOut -> d
    java.util.ArrayList val$inNames -> c
    java.util.ArrayList val$sharedElementsIn -> b
    int val$numSharedElements -> a
androidx.fragment.app.FragmentTransitionImpl$2 -> androidx.fragment.app.q$b:
    java.util.Map val$nameOverrides -> b
    java.util.ArrayList val$sharedElementsIn -> a
androidx.fragment.app.FragmentTransitionImpl$3 -> androidx.fragment.app.q$c:
    java.util.Map val$nameOverrides -> b
    java.util.ArrayList val$sharedElementsIn -> a
androidx.fragment.app.FragmentViewLifecycleOwner -> androidx.fragment.app.r:
    androidx.lifecycle.LifecycleRegistry mLifecycleRegistry -> a
    androidx.lifecycle.Lifecycle getLifecycle() -> a
    void handleLifecycleEvent(androidx.lifecycle.Lifecycle$Event) -> a
    void initialize() -> b
    boolean isInitialized() -> c
androidx.fragment.app.SuperNotCalledException -> androidx.fragment.app.s:
androidx.lifecycle.ClassesInfoCache -> androidx.lifecycle.a:
    java.util.Map mCallbackMap -> a
    java.util.Map mHasLifecycleMethods -> b
    androidx.lifecycle.ClassesInfoCache sInstance -> c
    androidx.lifecycle.ClassesInfoCache$CallbackInfo createInfo(java.lang.Class,java.lang.reflect.Method[]) -> a
    androidx.lifecycle.ClassesInfoCache$CallbackInfo getInfo(java.lang.Class) -> a
    void verifyAndPutHandler(java.util.Map,androidx.lifecycle.ClassesInfoCache$MethodReference,androidx.lifecycle.Lifecycle$Event,java.lang.Class) -> a
    boolean hasLifecycleMethods(java.lang.Class) -> b
    java.lang.reflect.Method[] getDeclaredMethods(java.lang.Class) -> c